---
driver=<class 'textual.drivers.windows_driver.WindowsDriver'>
Load() >>> WorkStation(title='Textual')
event monitor constructed
event monitor thread started
Mount() >>> DockView(name='DockView#1')
Mount() >>> CustomHeader('')
Mount() >>> View(name='View#1')
set_focus GcalInp(name='gcalOption', title='', value='', on_change_handler_name='handle_input_on_change', on_focus_handler_name='handle_input_on_focus')
Focus() >>> GcalInp(name='gcalOption', title='', value='', on_change_handler_name='handle_input_on_change', on_focus_handler_name='handle_input_on_focus')
MouseDown(x=42, y=2, screen_y=24, button=1) >>> GcalInp(name='gcalOption', title='', value='', on_change_handler_name='handle_input_on_change', on_focus_handler_name='handle_input_on_focus')
MouseUp(x=42, y=2, screen_y=24, button=1) >>> GcalInp(name='gcalOption', title='', value='', on_change_handler_name='handle_input_on_change', on_focus_handler_name='handle_input_on_focus')
Click(x=42, y=2, screen_y=24, button=1) >>> GcalInp(name='gcalOption', title='', value='', on_change_handler_name='handle_input_on_change', on_focus_handler_name='handle_input_on_focus')
set_focus GcalInp(name='gcalOption', title='', value='', on_change_handler_name='handle_input_on_change', on_focus_handler_name='handle_input_on_focus')
MouseDown(x=42, y=2, screen_y=24, button=1) >>> GcalInp(name='gcalOption', title='', value='', on_change_handler_name='handle_input_on_change', on_focus_handler_name='handle_input_on_focus')
MouseUp(x=42, y=2, screen_y=24, button=1) >>> GcalInp(name='gcalOption', title='', value='', on_change_handler_name='handle_input_on_change', on_focus_handler_name='handle_input_on_focus')
Click(x=42, y=2, screen_y=24, button=1) >>> GcalInp(name='gcalOption', title='', value='', on_change_handler_name='handle_input_on_change', on_focus_handler_name='handle_input_on_focus')
Key(key='a') >>> GcalInp(name='gcalOption', title='', value='', on_change_handler_name='handle_input_on_change', on_focus_handler_name='handle_input_on_focus')
Key(key='a') >>> GcalInp(name='gcalOption', title='', value='', on_change_handler_name='handle_input_on_change', on_focus_handler_name='handle_input_on_focus')
Key(key='g') >>> GcalInp(name='gcalOption', title='', value='a', on_change_handler_name='handle_input_on_change', on_focus_handler_name='handle_input_on_focus')
Key(key='g') >>> GcalInp(name='gcalOption', title='', value='a', on_change_handler_name='handle_input_on_change', on_focus_handler_name='handle_input_on_focus')
Key(key='e') >>> GcalInp(name='gcalOption', title='', value='ag', on_change_handler_name='handle_input_on_change', on_focus_handler_name='handle_input_on_focus')
Key(key='e') >>> GcalInp(name='gcalOption', title='', value='ag', on_change_handler_name='handle_input_on_change', on_focus_handler_name='handle_input_on_focus')
Key(key='n') >>> GcalInp(name='gcalOption', title='', value='age', on_change_handler_name='handle_input_on_change', on_focus_handler_name='handle_input_on_focus')
Key(key='n') >>> GcalInp(name='gcalOption', title='', value='age', on_change_handler_name='handle_input_on_change', on_focus_handler_name='handle_input_on_focus')
Key(key='d') >>> GcalInp(name='gcalOption', title='', value='agen', on_change_handler_name='handle_input_on_change', on_focus_handler_name='handle_input_on_focus')
Key(key='d') >>> GcalInp(name='gcalOption', title='', value='agen', on_change_handler_name='handle_input_on_change', on_focus_handler_name='handle_input_on_focus')
Key(key='a') >>> GcalInp(name='gcalOption', title='', value='agend', on_change_handler_name='handle_input_on_change', on_focus_handler_name='handle_input_on_focus')
Key(key='a') >>> GcalInp(name='gcalOption', title='', value='agend', on_change_handler_name='handle_input_on_change', on_focus_handler_name='handle_input_on_focus')
Key(key='enter') >>> GcalInp(name='gcalOption', title='', value='agenda', on_change_handler_name='handle_input_on_change', on_focus_handler_name='handle_input_on_focus')
Key(key='enter') >>> GcalInp(name='gcalOption', title='', value='', on_change_handler_name='handle_input_on_change', on_focus_handler_name='handle_input_on_focus')
Key(key='ctrl+i') >>> GcalInp(name='gcalOption', title='', value='', on_change_handler_name='handle_input_on_change', on_focus_handler_name='handle_input_on_focus')
Key(key='ctrl+i') >>> GcalInp(name='gcalOption', title='', value='', on_change_handler_name='handle_input_on_change', on_focus_handler_name='handle_input_on_focus')
set_focus GtaskInp(name='gtaskOption', title='', value='', on_change_handler_name='handle_input_on_change', on_focus_handler_name='handle_input_on_focus')
Blur() >>> GcalInp(name='gcalOption', title='', value='', on_change_handler_name='handle_input_on_change', on_focus_handler_name='handle_input_on_focus')
Focus() >>> GtaskInp(name='gtaskOption', title='', value='', on_change_handler_name='handle_input_on_change', on_focus_handler_name='handle_input_on_focus')
Key(key='t') >>> GtaskInp(name='gtaskOption', title='', value='', on_change_handler_name='handle_input_on_change', on_focus_handler_name='handle_input_on_focus')
Key(key='t') >>> GtaskInp(name='gtaskOption', title='', value='', on_change_handler_name='handle_input_on_change', on_focus_handler_name='handle_input_on_focus')
Key(key='a') >>> GtaskInp(name='gtaskOption', title='', value='t', on_change_handler_name='handle_input_on_change', on_focus_handler_name='handle_input_on_focus')
Key(key='a') >>> GtaskInp(name='gtaskOption', title='', value='t', on_change_handler_name='handle_input_on_change', on_focus_handler_name='handle_input_on_focus')
Key(key='s') >>> GtaskInp(name='gtaskOption', title='', value='ta', on_change_handler_name='handle_input_on_change', on_focus_handler_name='handle_input_on_focus')
Key(key='s') >>> GtaskInp(name='gtaskOption', title='', value='ta', on_change_handler_name='handle_input_on_change', on_focus_handler_name='handle_input_on_focus')
Key(key='k') >>> GtaskInp(name='gtaskOption', title='', value='tas', on_change_handler_name='handle_input_on_change', on_focus_handler_name='handle_input_on_focus')
Key(key='k') >>> GtaskInp(name='gtaskOption', title='', value='tas', on_change_handler_name='handle_input_on_change', on_focus_handler_name='handle_input_on_focus')
Key(key='s') >>> GtaskInp(name='gtaskOption', title='', value='task', on_change_handler_name='handle_input_on_change', on_focus_handler_name='handle_input_on_focus')
Key(key='s') >>> GtaskInp(name='gtaskOption', title='', value='task', on_change_handler_name='handle_input_on_change', on_focus_handler_name='handle_input_on_focus')
Key(key='enter') >>> GtaskInp(name='gtaskOption', title='', value='tasks', on_change_handler_name='handle_input_on_change', on_focus_handler_name='handle_input_on_focus')
Key(key='enter') >>> GtaskInp(name='gtaskOption', title='', value='', on_change_handler_name='handle_input_on_change', on_focus_handler_name='handle_input_on_focus')
Key(key='escape') >>> GtaskInp(name='gtaskOption', title='', value='', on_change_handler_name='handle_input_on_change', on_focus_handler_name='handle_input_on_focus')
Key(key='escape') >>> GtaskInp(name='gtaskOption', title='', value='', on_change_handler_name='handle_input_on_change', on_focus_handler_name='handle_input_on_focus')
Blur() >>> GtaskInp(name='gtaskOption', title='', value='', on_change_handler_name='handle_input_on_change', on_focus_handler_name='handle_input_on_focus')
event monitor thread finished
PROCESS END
CLOSED GcalInp(name='gcalOption', title='', value='', on_change_handler_name='handle_input_on_change', on_focus_handler_name='handle_input_on_focus')
