---
driver=<class 'textual.drivers.windows_driver.WindowsDriver'>
Load() >>> WorkStation(title='Textual')
event monitor constructed
event monitor thread started
Mount() >>> DockView(name='DockView#1')
Mount() >>> CustomHeader('')
Mount() >>> View(name='View#1')
view.forwarded Key(key='ctrl+i')
set_focus GcalInp(name='gcalOption', title='', value='', on_change_handler_name='handle_input_on_change', on_focus_handler_name='handle_input_on_focus')
Focus() >>> GcalInp(name='gcalOption', title='', value='', on_change_handler_name='handle_input_on_change', on_focus_handler_name='handle_input_on_focus')
Key(key='ctrl+i') >>> GcalInp(name='gcalOption', title='', value='', on_change_handler_name='handle_input_on_change', on_focus_handler_name='handle_input_on_focus')
Key(key='ctrl+i') >>> GcalInp(name='gcalOption', title='', value='', on_change_handler_name='handle_input_on_change', on_focus_handler_name='handle_input_on_focus')
set_focus GtaskInp(name='gtaskOption', title='', value='', on_change_handler_name='handle_input_on_change', on_focus_handler_name='handle_input_on_focus')
Blur() >>> GcalInp(name='gcalOption', title='', value='', on_change_handler_name='handle_input_on_change', on_focus_handler_name='handle_input_on_focus')
Focus() >>> GtaskInp(name='gtaskOption', title='', value='', on_change_handler_name='handle_input_on_change', on_focus_handler_name='handle_input_on_focus')
Key(key='ctrl+i') >>> GtaskInp(name='gtaskOption', title='', value='', on_change_handler_name='handle_input_on_change', on_focus_handler_name='handle_input_on_focus')
Key(key='ctrl+i') >>> GtaskInp(name='gtaskOption', title='', value='', on_change_handler_name='handle_input_on_change', on_focus_handler_name='handle_input_on_focus')
set_focus HabiticaInp(name='habitOption', title='', value='', on_change_handler_name='handle_input_on_change', on_focus_handler_name='handle_input_on_focus')
Blur() >>> GtaskInp(name='gtaskOption', title='', value='', on_change_handler_name='handle_input_on_change', on_focus_handler_name='handle_input_on_focus')
Focus() >>> HabiticaInp(name='habitOption', title='', value='', on_change_handler_name='handle_input_on_change', on_focus_handler_name='handle_input_on_focus')
Key(key='ctrl+i') >>> HabiticaInp(name='habitOption', title='', value='', on_change_handler_name='handle_input_on_change', on_focus_handler_name='handle_input_on_focus')
Key(key='ctrl+i') >>> HabiticaInp(name='habitOption', title='', value='', on_change_handler_name='handle_input_on_change', on_focus_handler_name='handle_input_on_focus')
set_focus GkeepInp(name='gkeepOption', title='', value='', on_change_handler_name='handle_input_on_change', on_focus_handler_name='handle_input_on_focus')
Blur() >>> HabiticaInp(name='habitOption', title='', value='', on_change_handler_name='handle_input_on_change', on_focus_handler_name='handle_input_on_focus')
Focus() >>> GkeepInp(name='gkeepOption', title='', value='', on_change_handler_name='handle_input_on_change', on_focus_handler_name='handle_input_on_focus')
Key(key='ctrl+i') >>> GkeepInp(name='gkeepOption', title='', value='', on_change_handler_name='handle_input_on_change', on_focus_handler_name='handle_input_on_focus')
Key(key='ctrl+i') >>> GkeepInp(name='gkeepOption', title='', value='', on_change_handler_name='handle_input_on_change', on_focus_handler_name='handle_input_on_focus')
set_focus PomodoroInp(name='pomoOption', title='', value='', on_change_handler_name='handle_input_on_change', on_focus_handler_name='handle_input_on_focus')
Blur() >>> GkeepInp(name='gkeepOption', title='', value='', on_change_handler_name='handle_input_on_change', on_focus_handler_name='handle_input_on_focus')
Focus() >>> PomodoroInp(name='pomoOption', title='', value='', on_change_handler_name='handle_input_on_change', on_focus_handler_name='handle_input_on_focus')
Key(key='ctrl+i') >>> PomodoroInp(name='pomoOption', title='', value='', on_change_handler_name='handle_input_on_change', on_focus_handler_name='handle_input_on_focus')
Key(key='ctrl+i') >>> PomodoroInp(name='pomoOption', title='', value='', on_change_handler_name='handle_input_on_change', on_focus_handler_name='handle_input_on_focus')
Key(key='ctrl+i') >>> PomodoroInp(name='pomoOption', title='', value='', on_change_handler_name='handle_input_on_change', on_focus_handler_name='handle_input_on_focus')
Key(key='ctrl+i') >>> PomodoroInp(name='pomoOption', title='', value='', on_change_handler_name='handle_input_on_change', on_focus_handler_name='handle_input_on_focus')
Key(key='ctrl+i') >>> PomodoroInp(name='pomoOption', title='', value='', on_change_handler_name='handle_input_on_change', on_focus_handler_name='handle_input_on_focus')
Key(key='ctrl+i') >>> PomodoroInp(name='pomoOption', title='', value='', on_change_handler_name='handle_input_on_change', on_focus_handler_name='handle_input_on_focus')
Key(key='ctrl+i') >>> PomodoroInp(name='pomoOption', title='', value='', on_change_handler_name='handle_input_on_change', on_focus_handler_name='handle_input_on_focus')
Key(key='ctrl+i') >>> PomodoroInp(name='pomoOption', title='', value='', on_change_handler_name='handle_input_on_change', on_focus_handler_name='handle_input_on_focus')
Key(key='ctrl+@') >>> PomodoroInp(name='pomoOption', title='', value='', on_change_handler_name='handle_input_on_change', on_focus_handler_name='handle_input_on_focus')
Key(key='ctrl+@') >>> PomodoroInp(name='pomoOption', title='', value='', on_change_handler_name='handle_input_on_change', on_focus_handler_name='handle_input_on_focus')
Key(key='ctrl+r') >>> PomodoroInp(name='pomoOption', title='', value='', on_change_handler_name='handle_input_on_change', on_focus_handler_name='handle_input_on_focus')
Key(key='ctrl+r') >>> PomodoroInp(name='pomoOption', title='', value='', on_change_handler_name='handle_input_on_change', on_focus_handler_name='handle_input_on_focus')
Key(key='q') >>> PomodoroInp(name='pomoOption', title='', value='', on_change_handler_name='handle_input_on_change', on_focus_handler_name='handle_input_on_focus')
Key(key='q') >>> PomodoroInp(name='pomoOption', title='', value='', on_change_handler_name='handle_input_on_change', on_focus_handler_name='handle_input_on_focus')
Key(key='q') >>> PomodoroInp(name='pomoOption', title='', value='q', on_change_handler_name='handle_input_on_change', on_focus_handler_name='handle_input_on_focus')
Key(key='q') >>> PomodoroInp(name='pomoOption', title='', value='q', on_change_handler_name='handle_input_on_change', on_focus_handler_name='handle_input_on_focus')
Key(key='q') >>> PomodoroInp(name='pomoOption', title='', value='qq', on_change_handler_name='handle_input_on_change', on_focus_handler_name='handle_input_on_focus')
Key(key='q') >>> PomodoroInp(name='pomoOption', title='', value='qq', on_change_handler_name='handle_input_on_change', on_focus_handler_name='handle_input_on_focus')
Key(key='ctrl+h') >>> PomodoroInp(name='pomoOption', title='', value='qqq', on_change_handler_name='handle_input_on_change', on_focus_handler_name='handle_input_on_focus')
Key(key='ctrl+h') >>> PomodoroInp(name='pomoOption', title='', value='qqq', on_change_handler_name='handle_input_on_change', on_focus_handler_name='handle_input_on_focus')
Key(key='ctrl+h') >>> PomodoroInp(name='pomoOption', title='', value='qq', on_change_handler_name='handle_input_on_change', on_focus_handler_name='handle_input_on_focus')
Key(key='ctrl+h') >>> PomodoroInp(name='pomoOption', title='', value='qq', on_change_handler_name='handle_input_on_change', on_focus_handler_name='handle_input_on_focus')
Key(key='escape') >>> PomodoroInp(name='pomoOption', title='', value='q', on_change_handler_name='handle_input_on_change', on_focus_handler_name='handle_input_on_focus')
Key(key='escape') >>> PomodoroInp(name='pomoOption', title='', value='q', on_change_handler_name='handle_input_on_change', on_focus_handler_name='handle_input_on_focus')
Blur() >>> PomodoroInp(name='pomoOption', title='', value='q', on_change_handler_name='handle_input_on_change', on_focus_handler_name='handle_input_on_focus')
event monitor thread finished
PROCESS END
CLOSED CustomFooter(keys=[])
CLOSED GkeepInp(name='gkeepOption', title='', value='', on_change_handler_name='handle_input_on_change', on_focus_handler_name='handle_input_on_focus')
CLOSED View(name='View#1')
CLOSED Static(name='Static#4')
CLOSED GtaskInp(name='gtaskOption', title='', value='', on_change_handler_name='handle_input_on_change', on_focus_handler_name='handle_input_on_focus')
CLOSED Static(name='Static#5')
CLOSED Static(name='Static#3')
CLOSED PomodoroInp(name='pomoOption', title='', value='q', on_change_handler_name='handle_input_on_change', on_focus_handler_name='handle_input_on_focus')
CLOSED GcalInp(name='gcalOption', title='', value='', on_change_handler_name='handle_input_on_change', on_focus_handler_name='handle_input_on_focus')
CLOSED Static(name='Static#2')
